[0706/190433.777:ERROR:process_memory_win.cc(73)] ReadMemory at 0x7ff7a79a0000 of 64 bytes failed: Only part of a ReadProcessMemory or WriteProcessMemory request was completed. (0x12B)
[0706/190433.778:WARNING:pe_image_reader.cc(340)] could not read dos header from C:\Program Files (x86)\Google\Chrome\Application\chrome.exe
[0706/190433.778:ERROR:process_memory_win.cc(73)] ReadMemory at 0x7ffc672a0000 of 64 bytes failed: Only part of a ReadProcessMemory or WriteProcessMemory request was completed. (0x12B)
[0706/190433.778:WARNING:pe_image_reader.cc(340)] could not read dos header from C:\WINDOWS\SYSTEM32\ntdll.dll
[0706/190433.778:ERROR:process_memory_win.cc(73)] ReadMemory at 0x7ffc65650000 of 64 bytes failed: Only part of a ReadProcessMemory or WriteProcessMemory request was completed. (0x12B)
[0706/190433.778:WARNING:pe_image_reader.cc(340)] could not read dos header from C:\WINDOWS\System32\KERNEL32.DLL
[0706/190433.778:ERROR:process_memory_win.cc(73)] ReadMemory at 0x7ffc64f70000 of 64 bytes failed: Only part of a ReadProcessMemory or WriteProcessMemory request was completed. (0x12B)
[0706/190433.778:WARNING:pe_image_reader.cc(340)] could not read dos header from C:\WINDOWS\System32\KERNELBASE.dll
[0706/190433.778:ERROR:process_memory_win.cc(73)] ReadMemory at 0x7ffc42880000 of 64 bytes failed: Only part of a ReadProcessMemory or WriteProcessMemory request was completed. (0x12B)
[0706/190433.778:WARNING:pe_image_reader.cc(340)] could not read dos header from C:\Program Files (x86)\Google\Chrome\Application\83.0.4103.116\chrome_elf.dll
[0706/190433.778:ERROR:process_memory_win.cc(73)] ReadMemory at 0x7ffc577c0000 of 64 bytes failed: Only part of a ReadProcessMemory or WriteProcessMemory request was completed. (0x12B)
[0706/190433.778:WARNING:pe_image_reader.cc(340)] could not read dos header from C:\WINDOWS\SYSTEM32\VERSION.dll
[0706/190433.778:ERROR:process_memory_win.cc(73)] ReadMemory at 0x7ffc65840000 of 64 bytes failed: Only part of a ReadProcessMemory or WriteProcessMemory request was completed. (0x12B)
[0706/190433.778:WARNING:pe_image_reader.cc(340)] could not read dos header from C:\WINDOWS\System32\msvcrt.dll
[0706/190433.778:ERROR:process_memory_win.cc(73)] ReadMemory at 0x7ffc65270000 of 64 bytes failed: Only part of a ReadProcessMemory or WriteProcessMemory request was completed. (0x12B)
[0706/190433.778:WARNING:pe_image_reader.cc(340)] could not read dos header from C:\WINDOWS\System32\bcryptPrimitives.dll
[0706/190433.778:ERROR:process_memory_win.cc(73)] ReadMemory at 0x7ffc67030000 of 64 bytes failed: Only part of a ReadProcessMemory or WriteProcessMemory request was completed. (0x12B)
[0706/190433.778:WARNING:pe_image_reader.cc(340)] could not read dos header from C:\WINDOWS\System32\ADVAPI32.dll
[0706/190433.778:ERROR:process_memory_win.cc(73)] ReadMemory at 0x7ffc65350000 of 64 bytes failed: Only part of a ReadProcessMemory or WriteProcessMemory request was completed. (0x12B)
[0706/190433.778:WARNING:pe_image_reader.cc(340)] could not read dos header from C:\WINDOWS\System32\sechost.dll
[0706/190433.779:ERROR:process_memory_win.cc(73)] ReadMemory at 0x7ffc67140000 of 64 bytes failed: Only part of a ReadProcessMemory or WriteProcessMemory request was completed. (0x12B)
[0706/190433.779:WARNING:pe_image_reader.cc(340)] could not read dos header from C:\WINDOWS\System32\RPCRT4.dll
[0706/190433.779:ERROR:process_memory_win.cc(73)] ReadMemory at 0x7ffbf3510000 of 64 bytes failed: Only part of a ReadProcessMemory or WriteProcessMemory request was completed. (0x12B)
[0706/190433.779:WARNING:pe_image_reader.cc(340)] could not read dos header from C:\Program Files (x86)\Google\Chrome\Application\83.0.4103.116\chrome.dll
[0706/190433.779:ERROR:process_memory_win.cc(73)] ReadMemory at 0x7ffc65a40000 of 64 bytes failed: Only part of a ReadProcessMemory or WriteProcessMemory request was completed. (0x12B)
[0706/190433.779:WARNING:pe_image_reader.cc(340)] could not read dos header from C:\WINDOWS\System32\WS2_32.dll
[0706/190433.779:ERROR:process_memory_win.cc(73)] ReadMemory at 0x7ffc65f80000 of 64 bytes failed: Only part of a ReadProcessMemory or WriteProcessMemory request was completed. (0x12B)
[0706/190433.779:WARNING:pe_image_reader.cc(340)] could not read dos header from C:\WINDOWS\System32\OLEAUT32.dll
[0706/190433.779:ERROR:process_memory_win.cc(73)] ReadMemory at 0x7ffc64b00000 of 64 bytes failed: Only part of a ReadProcessMemory or WriteProcessMemory request was completed. (0x12B)
[0706/190433.779:WARNING:pe_image_reader.cc(340)] could not read dos header from C:\WINDOWS\System32\msvcp_win.dll
[0706/190433.779:ERROR:process_memory_win.cc(73)] ReadMemory at 0x7ffc64c20000 of 64 bytes failed: Only part of a ReadProcessMemory or WriteProcessMemory request was completed. (0x12B)
[0706/190433.779:WARNING:pe_image_reader.cc(340)] could not read dos header from C:\WINDOWS\System32\ucrtbase.dll
[0706/190433.779:ERROR:process_memory_win.cc(73)] ReadMemory at 0x7ffc667b0000 of 64 bytes failed: Only part of a ReadProcessMemory or WriteProcessMemory request was completed. (0x12B)
[0706/190433.779:WARNING:pe_image_reader.cc(340)] could not read dos header from C:\WINDOWS\System32\combase.dll
[0706/190433.779:ERROR:process_memory_win.cc(73)] ReadMemory at 0x7ffc652f0000 of 64 bytes failed: Only part of a ReadProcessMemory or WriteProcessMemory request was completed. (0x12B)
[0706/190433.779:WARNING:pe_image_reader.cc(340)] could not read dos header from C:\WINDOWS\System32\WINTRUST.dll
[0706/190433.779:ERROR:process_memory_win.cc(73)] ReadMemory at 0x7ffc64190000 of 64 bytes failed: Only part of a ReadProcessMemory or WriteProcessMemory request was completed. (0x12B)
[0706/190433.779:WARNING:pe_image_reader.cc(340)] could not read dos header from C:\WINDOWS\System32\MSASN1.dll
[0706/190433.779:ERROR:process_memory_win.cc(73)] ReadMemory at 0x7ffc64230000 of 64 bytes failed: Only part of a ReadProcessMemory or WriteProcessMemory request was completed. (0x12B)
[0706/190433.779:WARNING:pe_image_reader.cc(340)] could not read dos header from C:\WINDOWS\System32\CRYPT32.dll
[0706/190433.779:ERROR:process_memory_win.cc(73)] ReadMemory at 0x7ffc636e0000 of 64 bytes failed: Only part of a ReadProcessMemory or WriteProcessMemory request was completed. (0x12B)
[0706/190433.779:WARNING:pe_image_reader.cc(340)] could not read dos header from C:\WINDOWS\SYSTEM32\IPHLPAPI.DLL
[0706/190433.779:ERROR:process_memory_win.cc(73)] ReadMemory at 0x7ffc61d30000 of 64 bytes failed: Only part of a ReadProcessMemory or WriteProcessMemory request was completed. (0x12B)
[0706/190433.779:WARNING:pe_image_reader.cc(340)] could not read dos header from C:\WINDOWS\SYSTEM32\WINMM.dll
[0706/190433.779:ERROR:process_memory_win.cc(73)] ReadMemory at 0x7ffc4f610000 of 64 bytes failed: Only part of a ReadProcessMemory or WriteProcessMemory request was completed. (0x12B)
[0706/190433.779:WARNING:pe_image_reader.cc(340)] could not read dos header from C:\WINDOWS\SYSTEM32\Secur32.dll
[0706/190433.779:ERROR:process_memory_win.cc(73)] ReadMemory at 0x7ffc64050000 of 64 bytes failed: Only part of a ReadProcessMemory or WriteProcessMemory request was completed. (0x12B)
[0706/190433.780:WARNING:pe_image_reader.cc(340)] could not read dos header from C:\WINDOWS\SYSTEM32\USERENV.dll
[0706/190433.780:ERROR:process_memory_win.cc(73)] ReadMemory at 0x7ffc64200000 of 64 bytes failed: Only part of a ReadProcessMemory or WriteProcessMemory request was completed. (0x12B)
[0706/190433.780:WARNING:pe_image_reader.cc(340)] could not read dos header from C:\WINDOWS\System32\profapi.dll
[0706/190433.780:ERROR:process_memory_win.cc(73)] ReadMemory at 0x7ffc30bd0000 of 64 bytes failed: Only part of a ReadProcessMemory or WriteProcessMemory request was completed. (0x12B)
[0706/190433.780:WARNING:pe_image_reader.cc(340)] could not read dos header from C:\WINDOWS\SYSTEM32\UIAutomationCore.DLL
[0706/190433.780:ERROR:process_memory_win.cc(73)] ReadMemory at 0x7ffc3fb00000 of 64 bytes failed: Only part of a ReadProcessMemory or WriteProcessMemory request was completed. (0x12B)
[0706/190433.780:WARNING:pe_image_reader.cc(340)] could not read dos header from C:\WINDOWS\SYSTEM32\DWrite.dll
[0706/190433.780:ERROR:process_memory_win.cc(73)] ReadMemory at 0x7ffc33db0000 of 64 bytes failed: Only part of a ReadProcessMemory or WriteProcessMemory request was completed. (0x12B)
[0706/190433.780:WARNING:pe_image_reader.cc(340)] could not read dos header from C:\WINDOWS\SYSTEM32\WINSPOOL.DRV
[0706/190433.780:ERROR:process_memory_win.cc(73)] ReadMemory at 0x7ffc64170000 of 64 bytes failed: Only part of a ReadProcessMemory or WriteProcessMemory request was completed. (0x12B)
[0706/190433.780:WARNING:pe_image_reader.cc(340)] could not read dos header from C:\WINDOWS\System32\kernel.appcore.dll
[0706/190433.780:ERROR:process_memory_win.cc(73)] ReadMemory at 0x7ffc64bf0000 of 64 bytes failed: Only part of a ReadProcessMemory or WriteProcessMemory request was completed. (0x12B)
[0706/190433.780:WARNING:pe_image_reader.cc(340)] could not read dos header from C:\WINDOWS\System32\bcrypt.dll
[0706/190433.780:ERROR:process_memory_win.cc(73)] ReadMemory at 0x7ffc5d760000 of 64 bytes failed: Only part of a ReadProcessMemory or WriteProcessMemory request was completed. (0x12B)
[0706/190433.780:WARNING:pe_image_reader.cc(340)] could not read dos header from C:\WINDOWS\SYSTEM32\dbghelp.dll
[0706/190433.780:ERROR:process_memory_win.cc(73)] ReadMemory at 0x7ffc5f3a0000 of 64 bytes failed: Only part of a ReadProcessMemory or WriteProcessMemory request was completed. (0x12B)
[0706/190433.780:WARNING:pe_image_reader.cc(340)] could not read dos header from C:\WINDOWS\SYSTEM32\WINHTTP.dll
[0706/190433.780:ERROR:process_memory_win.cc(73)] ReadMemory at 0x7ffc57550000 of 64 bytes failed: Only part of a ReadProcessMemory or WriteProcessMemory request was completed. (0x12B)
[0706/190433.780:WARNING:pe_image_reader.cc(340)] could not read dos header from C:\WINDOWS\SYSTEM32\dhcpcsvc.DLL
[0706/190433.780:ERROR:process_memory_win.cc(73)] ReadMemory at 0x7ffc65640000 of 64 bytes failed: Only part of a ReadProcessMemory or WriteProcessMemory request was completed. (0x12B)
[0706/190433.780:WARNING:pe_image_reader.cc(340)] could not read dos header from C:\WINDOWS\System32\NSI.dll
[0706/190433.780:ERROR:process_memory_win.cc(73)] ReadMemory at 0x7ffc61d00000 of 64 bytes failed: Only part of a ReadProcessMemory or WriteProcessMemory request was completed. (0x12B)
[0706/190433.780:WARNING:pe_image_reader.cc(340)] could not read dos header from C:\WINDOWS\SYSTEM32\WINMMBASE.dll
[0706/190433.780:ERROR:process_memory_win.cc(73)] ReadMemory at 0x7ffc64ba0000 of 64 bytes failed: Only part of a ReadProcessMemory or WriteProcessMemory request was completed. (0x12B)
[0706/190433.780:WARNING:pe_image_reader.cc(340)] could not read dos header from C:\WINDOWS\System32\cfgmgr32.dll
[0706/190433.780:ERROR:process_memory_win.cc(73)] ReadMemory at 0x7ffc60af0000 of 64 bytes failed: Only part of a ReadProcessMemory or WriteProcessMemory request was completed. (0x12B)
[0706/190433.780:WARNING:pe_image_reader.cc(340)] could not read dos header from C:\WINDOWS\SYSTEM32\PROPSYS.dll
[0706/190433.780:ERROR:process_memory_win.cc(73)] ReadMemory at 0x7ffc65590000 of 64 bytes failed: Only part of a ReadProcessMemory or WriteProcessMemory request was completed. (0x12B)
[0706/190433.780:WARNING:pe_image_reader.cc(340)] could not read dos header from C:\WINDOWS\System32\shcore.dll
[0706/190433.780:ERROR:process_memory_win.cc(73)] ReadMemory at 0x7ffc64080000 of 64 bytes failed: Only part of a ReadProcessMemory or WriteProcessMemory request was completed. (0x12B)
[0706/190433.780:WARNING:pe_image_reader.cc(340)] could not read dos header from C:\WINDOWS\SYSTEM32\SSPICLI.DLL
[0706/190433.780:ERROR:process_memory_win.cc(73)] ReadMemory at 0x7ffc66060000 of 64 bytes failed: Only part of a ReadProcessMemory or WriteProcessMemory request was completed. (0x12B)
[0706/190433.780:WARNING:pe_image_reader.cc(340)] could not read dos header from C:\WINDOWS\System32\SHELL32.dll
[0706/190433.780:ERROR:process_memory_win.cc(73)] ReadMemory at 0x7ffc64380000 of 64 bytes failed: Only part of a ReadProcessMemory or WriteProcessMemory request was completed. (0x12B)
[0706/190433.780:WARNING:pe_image_reader.cc(340)] could not read dos header from C:\WINDOWS\System32\windows.storage.dll
[0706/190433.780:ERROR:process_memory_win.cc(73)] ReadMemory at 0x7ffc641b0000 of 64 bytes failed: Only part of a ReadProcessMemory or WriteProcessMemory request was completed. (0x12B)
[0706/190433.780:WARNING:pe_image_reader.cc(340)] could not read dos header from C:\WINDOWS\System32\powrprof.dll
[0706/190433.780:ERROR:process_memory_win.cc(73)] ReadMemory at 0x7ffc64160000 of 64 bytes failed: Only part of a ReadProcessMemory or WriteProcessMemory request was completed. (0x12B)
[0706/190433.781:WARNING:pe_image_reader.cc(340)] could not read dos header from C:\WINDOWS\System32\UMPDC.dll
[0706/190433.781:ERROR:process_memory_win.cc(73)] ReadMemory at 0x7ffc670e0000 of 64 bytes failed: Only part of a ReadProcessMemory or WriteProcessMemory request was completed. (0x12B)
[0706/190433.781:WARNING:pe_image_reader.cc(340)] could not read dos header from C:\WINDOWS\System32\shlwapi.dll
[0706/190433.781:ERROR:process_memory_win.cc(73)] ReadMemory at 0x1fce5b30000 of 64 bytes failed: Only part of a ReadProcessMemory or WriteProcessMemory request was completed. (0x12B)
[0706/190433.781:WARNING:pe_image_reader.cc(340)] could not read dos header from C:\WINDOWS\System32\GDI32.dll
[0706/190433.781:ERROR:process_memory_win.cc(73)] ReadMemory at 0x7ffc65220000 of 64 bytes failed: Only part of a ReadProcessMemory or WriteProcessMemory request was completed. (0x12B)
[0706/190433.781:WARNING:pe_image_reader.cc(340)] could not read dos header from C:\WINDOWS\System32\win32u.dll
[0706/190433.781:ERROR:process_memory_win.cc(73)] ReadMemory at 0x7ffc64dd0000 of 64 bytes failed: Only part of a ReadProcessMemory or WriteProcessMemory request was completed. (0x12B)
[0706/190433.781:WARNING:pe_image_reader.cc(340)] could not read dos header from C:\WINDOWS\System32\gdi32full.dll
[0706/190433.781:ERROR:process_memory_win.cc(73)] ReadMemory at 0x7ffc653f0000 of 64 bytes failed: Only part of a ReadProcessMemory or WriteProcessMemory request was completed. (0x12B)
[0706/190433.781:WARNING:pe_image_reader.cc(340)] could not read dos header from C:\WINDOWS\System32\USER32.dll
[0706/190433.781:ERROR:process_memory_win.cc(73)] ReadMemory at 0x7ffc65250000 of 64 bytes failed: Only part of a ReadProcessMemory or WriteProcessMemory request was completed. (0x12B)
[0706/190433.781:WARNING:pe_image_reader.cc(340)] could not read dos header from C:\WINDOWS\System32\cryptsp.dll
[0706/190433.781:ERROR:process_memory_win.cc(73)] ReadMemory at 0x7ffc65ab0000 of 64 bytes failed: Only part of a ReadProcessMemory or WriteProcessMemory request was completed. (0x12B)
[0706/190433.781:WARNING:pe_image_reader.cc(340)] could not read dos header from C:\WINDOWS\System32\IMM32.DLL
[0706/190433.781:ERROR:process_memory_win.cc(73)] ReadMemory at 0x7ffc63ba0000 of 64 bytes failed: Only part of a ReadProcessMemory or WriteProcessMemory request was completed. (0x12B)
[0706/190433.781:WARNING:pe_image_reader.cc(340)] could not read dos header from C:\WINDOWS\SYSTEM32\CRYPTBASE.DLL
[0706/190433.786:ERROR:process_memory_win.cc(73)] ReadMemory at 0x7ff7a79a0000 of 64 bytes failed: Only part of a ReadProcessMemory or WriteProcessMemory request was completed. (0x12B)
[0706/190433.786:WARNING:pe_image_reader.cc(340)] could not read dos header from C:\Program Files (x86)\Google\Chrome\Application\chrome.exe
[0706/190433.786:ERROR:process_memory_win.cc(73)] ReadMemory at 0x7ffc672a0000 of 64 bytes failed: Only part of a ReadProcessMemory or WriteProcessMemory request was completed. (0x12B)
[0706/190433.786:WARNING:pe_image_reader.cc(340)] could not read dos header from C:\WINDOWS\SYSTEM32\ntdll.dll
[0706/190433.786:ERROR:process_memory_win.cc(73)] ReadMemory at 0x7ffc65650000 of 64 bytes failed: Only part of a ReadProcessMemory or WriteProcessMemory request was completed. (0x12B)
[0706/190433.786:WARNING:pe_image_reader.cc(340)] could not read dos header from C:\WINDOWS\System32\KERNEL32.DLL
[0706/190433.786:ERROR:process_memory_win.cc(73)] ReadMemory at 0x7ffc64f70000 of 64 bytes failed: Only part of a ReadProcessMemory or WriteProcessMemory request was completed. (0x12B)
[0706/190433.786:WARNING:pe_image_reader.cc(340)] could not read dos header from C:\WINDOWS\System32\KERNELBASE.dll
[0706/190433.787:ERROR:process_memory_win.cc(73)] ReadMemory at 0x7ffc42880000 of 64 bytes failed: Only part of a ReadProcessMemory or WriteProcessMemory request was completed. (0x12B)
[0706/190433.787:WARNING:pe_image_reader.cc(340)] could not read dos header from C:\Program Files (x86)\Google\Chrome\Application\83.0.4103.116\chrome_elf.dll
[0706/190433.787:ERROR:process_memory_win.cc(73)] ReadMemory at 0x7ffc577c0000 of 64 bytes failed: Only part of a ReadProcessMemory or WriteProcessMemory request was completed. (0x12B)
[0706/190433.787:WARNING:pe_image_reader.cc(340)] could not read dos header from C:\WINDOWS\SYSTEM32\VERSION.dll
[0706/190433.787:ERROR:process_memory_win.cc(73)] ReadMemory at 0x7ffc65840000 of 64 bytes failed: Only part of a ReadProcessMemory or WriteProcessMemory request was completed. (0x12B)
[0706/190433.787:WARNING:pe_image_reader.cc(340)] could not read dos header from C:\WINDOWS\System32\msvcrt.dll
[0706/190433.787:ERROR:process_memory_win.cc(73)] ReadMemory at 0x7ffc65270000 of 64 bytes failed: Only part of a ReadProcessMemory or WriteProcessMemory request was completed. (0x12B)
[0706/190433.787:WARNING:pe_image_reader.cc(340)] could not read dos header from C:\WINDOWS\System32\bcryptPrimitives.dll
[0706/190433.787:ERROR:process_memory_win.cc(73)] ReadMemory at 0x7ffc67030000 of 64 bytes failed: Only part of a ReadProcessMemory or WriteProcessMemory request was completed. (0x12B)
[0706/190433.787:WARNING:pe_image_reader.cc(340)] could not read dos header from C:\WINDOWS\System32\ADVAPI32.dll
[0706/190433.787:ERROR:process_memory_win.cc(73)] ReadMemory at 0x7ffc65350000 of 64 bytes failed: Only part of a ReadProcessMemory or WriteProcessMemory request was completed. (0x12B)
[0706/190433.787:WARNING:pe_image_reader.cc(340)] could not read dos header from C:\WINDOWS\System32\sechost.dll
[0706/190433.787:ERROR:process_memory_win.cc(73)] ReadMemory at 0x7ffc67140000 of 64 bytes failed: Only part of a ReadProcessMemory or WriteProcessMemory request was completed. (0x12B)
[0706/190433.787:WARNING:pe_image_reader.cc(340)] could not read dos header from C:\WINDOWS\System32\RPCRT4.dll
[0706/190433.787:ERROR:process_memory_win.cc(73)] ReadMemory at 0x7ffbf3510000 of 64 bytes failed: Only part of a ReadProcessMemory or WriteProcessMemory request was completed. (0x12B)
[0706/190433.787:WARNING:pe_image_reader.cc(340)] could not read dos header from C:\Program Files (x86)\Google\Chrome\Application\83.0.4103.116\chrome.dll
[0706/190433.787:ERROR:process_memory_win.cc(73)] ReadMemory at 0x7ffc65a40000 of 64 bytes failed: Only part of a ReadProcessMemory or WriteProcessMemory request was completed. (0x12B)
[0706/190433.787:WARNING:pe_image_reader.cc(340)] could not read dos header from C:\WINDOWS\System32\WS2_32.dll
[0706/190433.787:ERROR:process_memory_win.cc(73)] ReadMemory at 0x7ffc65f80000 of 64 bytes failed: Only part of a ReadProcessMemory or WriteProcessMemory request was completed. (0x12B)
[0706/190433.787:WARNING:pe_image_reader.cc(340)] could not read dos header from C:\WINDOWS\System32\OLEAUT32.dll
[0706/190433.787:ERROR:process_memory_win.cc(73)] ReadMemory at 0x7ffc64b00000 of 64 bytes failed: Only part of a ReadProcessMemory or WriteProcessMemory request was completed. (0x12B)
[0706/190433.787:WARNING:pe_image_reader.cc(340)] could not read dos header from C:\WINDOWS\System32\msvcp_win.dll
[0706/190433.787:ERROR:process_memory_win.cc(73)] ReadMemory at 0x7ffc64c20000 of 64 bytes failed: Only part of a ReadProcessMemory or WriteProcessMemory request was completed. (0x12B)
[0706/190433.787:WARNING:pe_image_reader.cc(340)] could not read dos header from C:\WINDOWS\System32\ucrtbase.dll
[0706/190433.787:ERROR:process_memory_win.cc(73)] ReadMemory at 0x7ffc667b0000 of 64 bytes failed: Only part of a ReadProcessMemory or WriteProcessMemory request was completed. (0x12B)
[0706/190433.787:WARNING:pe_image_reader.cc(340)] could not read dos header from C:\WINDOWS\System32\combase.dll
[0706/190433.787:ERROR:process_memory_win.cc(73)] ReadMemory at 0x7ffc652f0000 of 64 bytes failed: Only part of a ReadProcessMemory or WriteProcessMemory request was completed. (0x12B)
[0706/190433.787:WARNING:pe_image_reader.cc(340)] could not read dos header from C:\WINDOWS\System32\WINTRUST.dll
[0706/190433.787:ERROR:process_memory_win.cc(73)] ReadMemory at 0x7ffc64190000 of 64 bytes failed: Only part of a ReadProcessMemory or WriteProcessMemory request was completed. (0x12B)
[0706/190433.787:WARNING:pe_image_reader.cc(340)] could not read dos header from C:\WINDOWS\System32\MSASN1.dll
[0706/190433.787:ERROR:process_memory_win.cc(73)] ReadMemory at 0x7ffc64230000 of 64 bytes failed: Only part of a ReadProcessMemory or WriteProcessMemory request was completed. (0x12B)
[0706/190433.787:WARNING:pe_image_reader.cc(340)] could not read dos header from C:\WINDOWS\System32\CRYPT32.dll
[0706/190433.787:ERROR:process_memory_win.cc(73)] ReadMemory at 0x7ffc636e0000 of 64 bytes failed: Only part of a ReadProcessMemory or WriteProcessMemory request was completed. (0x12B)
[0706/190433.787:WARNING:pe_image_reader.cc(340)] could not read dos header from C:\WINDOWS\SYSTEM32\IPHLPAPI.DLL
[0706/190433.787:ERROR:process_memory_win.cc(73)] ReadMemory at 0x7ffc61d30000 of 64 bytes failed: Only part of a ReadProcessMemory or WriteProcessMemory request was completed. (0x12B)
[0706/190433.787:WARNING:pe_image_reader.cc(340)] could not read dos header from C:\WINDOWS\SYSTEM32\WINMM.dll
[0706/190433.787:ERROR:process_memory_win.cc(73)] ReadMemory at 0x7ffc4f610000 of 64 bytes failed: Only part of a ReadProcessMemory or WriteProcessMemory request was completed. (0x12B)
[0706/190433.787:WARNING:pe_image_reader.cc(340)] could not read dos header from C:\WINDOWS\SYSTEM32\Secur32.dll
[0706/190433.788:ERROR:process_memory_win.cc(73)] ReadMemory at 0x7ffc64050000 of 64 bytes failed: Only part of a ReadProcessMemory or WriteProcessMemory request was completed. (0x12B)
[0706/190433.788:WARNING:pe_image_reader.cc(340)] could not read dos header from C:\WINDOWS\SYSTEM32\USERENV.dll
[0706/190433.788:ERROR:process_memory_win.cc(73)] ReadMemory at 0x7ffc64200000 of 64 bytes failed: Only part of a ReadProcessMemory or WriteProcessMemory request was completed. (0x12B)
[0706/190433.788:WARNING:pe_image_reader.cc(340)] could not read dos header from C:\WINDOWS\System32\profapi.dll
[0706/190433.788:ERROR:process_memory_win.cc(73)] ReadMemory at 0x7ffc30bd0000 of 64 bytes failed: Only part of a ReadProcessMemory or WriteProcessMemory request was completed. (0x12B)
[0706/190433.788:WARNING:pe_image_reader.cc(340)] could not read dos header from C:\WINDOWS\SYSTEM32\UIAutomationCore.DLL
[0706/190433.788:ERROR:process_memory_win.cc(73)] ReadMemory at 0x7ffc3fb00000 of 64 bytes failed: Only part of a ReadProcessMemory or WriteProcessMemory request was completed. (0x12B)
[0706/190433.788:WARNING:pe_image_reader.cc(340)] could not read dos header from C:\WINDOWS\SYSTEM32\DWrite.dll
[0706/190433.788:ERROR:process_memory_win.cc(73)] ReadMemory at 0x7ffc33db0000 of 64 bytes failed: Only part of a ReadProcessMemory or WriteProcessMemory request was completed. (0x12B)
[0706/190433.788:WARNING:pe_image_reader.cc(340)] could not read dos header from C:\WINDOWS\SYSTEM32\WINSPOOL.DRV
[0706/190433.788:ERROR:process_memory_win.cc(73)] ReadMemory at 0x7ffc64170000 of 64 bytes failed: Only part of a ReadProcessMemory or WriteProcessMemory request was completed. (0x12B)
[0706/190433.788:WARNING:pe_image_reader.cc(340)] could not read dos header from C:\WINDOWS\System32\kernel.appcore.dll
[0706/190433.788:ERROR:process_memory_win.cc(73)] ReadMemory at 0x7ffc64bf0000 of 64 bytes failed: Only part of a ReadProcessMemory or WriteProcessMemory request was completed. (0x12B)
[0706/190433.788:WARNING:pe_image_reader.cc(340)] could not read dos header from C:\WINDOWS\System32\bcrypt.dll
[0706/190433.788:ERROR:process_memory_win.cc(73)] ReadMemory at 0x7ffc5d760000 of 64 bytes failed: Only part of a ReadProcessMemory or WriteProcessMemory request was completed. (0x12B)
[0706/190433.788:WARNING:pe_image_reader.cc(340)] could not read dos header from C:\WINDOWS\SYSTEM32\dbghelp.dll
[0706/190433.788:ERROR:process_memory_win.cc(73)] ReadMemory at 0x7ffc5f3a0000 of 64 bytes failed: Only part of a ReadProcessMemory or WriteProcessMemory request was completed. (0x12B)
[0706/190433.788:WARNING:pe_image_reader.cc(340)] could not read dos header from C:\WINDOWS\SYSTEM32\WINHTTP.dll
[0706/190433.788:ERROR:process_memory_win.cc(73)] ReadMemory at 0x7ffc57550000 of 64 bytes failed: Only part of a ReadProcessMemory or WriteProcessMemory request was completed. (0x12B)
[0706/190433.788:WARNING:pe_image_reader.cc(340)] could not read dos header from C:\WINDOWS\SYSTEM32\dhcpcsvc.DLL
[0706/190433.788:ERROR:process_memory_win.cc(73)] ReadMemory at 0x7ffc65640000 of 64 bytes failed: Only part of a ReadProcessMemory or WriteProcessMemory request was completed. (0x12B)
[0706/190433.788:WARNING:pe_image_reader.cc(340)] could not read dos header from C:\WINDOWS\System32\NSI.dll
[0706/190433.788:ERROR:process_memory_win.cc(73)] ReadMemory at 0x7ffc61d00000 of 64 bytes failed: Only part of a ReadProcessMemory or WriteProcessMemory request was completed. (0x12B)
[0706/190433.788:WARNING:pe_image_reader.cc(340)] could not read dos header from C:\WINDOWS\SYSTEM32\WINMMBASE.dll
[0706/190433.788:ERROR:process_memory_win.cc(73)] ReadMemory at 0x7ffc64ba0000 of 64 bytes failed: Only part of a ReadProcessMemory or WriteProcessMemory request was completed. (0x12B)
[0706/190433.788:WARNING:pe_image_reader.cc(340)] could not read dos header from C:\WINDOWS\System32\cfgmgr32.dll
[0706/190433.788:ERROR:process_memory_win.cc(73)] ReadMemory at 0x7ffc60af0000 of 64 bytes failed: Only part of a ReadProcessMemory or WriteProcessMemory request was completed. (0x12B)
[0706/190433.788:WARNING:pe_image_reader.cc(340)] could not read dos header from C:\WINDOWS\SYSTEM32\PROPSYS.dll
[0706/190433.788:ERROR:process_memory_win.cc(73)] ReadMemory at 0x7ffc65590000 of 64 bytes failed: Only part of a ReadProcessMemory or WriteProcessMemory request was completed. (0x12B)
[0706/190433.788:WARNING:pe_image_reader.cc(340)] could not read dos header from C:\WINDOWS\System32\shcore.dll
[0706/190433.788:ERROR:process_memory_win.cc(73)] ReadMemory at 0x7ffc64080000 of 64 bytes failed: Only part of a ReadProcessMemory or WriteProcessMemory request was completed. (0x12B)
[0706/190433.788:WARNING:pe_image_reader.cc(340)] could not read dos header from C:\WINDOWS\SYSTEM32\SSPICLI.DLL
[0706/190433.788:ERROR:process_memory_win.cc(73)] ReadMemory at 0x7ffc66060000 of 64 bytes failed: Only part of a ReadProcessMemory or WriteProcessMemory request was completed. (0x12B)
[0706/190433.788:WARNING:pe_image_reader.cc(340)] could not read dos header from C:\WINDOWS\System32\SHELL32.dll
[0706/190433.788:ERROR:process_memory_win.cc(73)] ReadMemory at 0x7ffc64380000 of 64 bytes failed: Only part of a ReadProcessMemory or WriteProcessMemory request was completed. (0x12B)
[0706/190433.788:WARNING:pe_image_reader.cc(340)] could not read dos header from C:\WINDOWS\System32\windows.storage.dll
[0706/190433.788:ERROR:process_memory_win.cc(73)] ReadMemory at 0x7ffc641b0000 of 64 bytes failed: Only part of a ReadProcessMemory or WriteProcessMemory request was completed. (0x12B)
[0706/190433.788:WARNING:pe_image_reader.cc(340)] could not read dos header from C:\WINDOWS\System32\powrprof.dll
[0706/190433.788:ERROR:process_memory_win.cc(73)] ReadMemory at 0x7ffc64160000 of 64 bytes failed: Only part of a ReadProcessMemory or WriteProcessMemory request was completed. (0x12B)
[0706/190433.789:WARNING:pe_image_reader.cc(340)] could not read dos header from C:\WINDOWS\System32\UMPDC.dll
[0706/190433.789:ERROR:process_memory_win.cc(73)] ReadMemory at 0x7ffc670e0000 of 64 bytes failed: Only part of a ReadProcessMemory or WriteProcessMemory request was completed. (0x12B)
[0706/190433.789:WARNING:pe_image_reader.cc(340)] could not read dos header from C:\WINDOWS\System32\shlwapi.dll
[0706/190433.789:ERROR:process_memory_win.cc(73)] ReadMemory at 0x1fce5b30000 of 64 bytes failed: Only part of a ReadProcessMemory or WriteProcessMemory request was completed. (0x12B)
[0706/190433.789:WARNING:pe_image_reader.cc(340)] could not read dos header from C:\WINDOWS\System32\GDI32.dll
[0706/190433.789:ERROR:process_memory_win.cc(73)] ReadMemory at 0x7ffc65220000 of 64 bytes failed: Only part of a ReadProcessMemory or WriteProcessMemory request was completed. (0x12B)
[0706/190433.789:WARNING:pe_image_reader.cc(340)] could not read dos header from C:\WINDOWS\System32\win32u.dll
[0706/190433.789:ERROR:process_memory_win.cc(73)] ReadMemory at 0x7ffc64dd0000 of 64 bytes failed: Only part of a ReadProcessMemory or WriteProcessMemory request was completed. (0x12B)
[0706/190433.789:WARNING:pe_image_reader.cc(340)] could not read dos header from C:\WINDOWS\System32\gdi32full.dll
[0706/190433.789:ERROR:process_memory_win.cc(73)] ReadMemory at 0x7ffc653f0000 of 64 bytes failed: Only part of a ReadProcessMemory or WriteProcessMemory request was completed. (0x12B)
[0706/190433.789:WARNING:pe_image_reader.cc(340)] could not read dos header from C:\WINDOWS\System32\USER32.dll
[0706/190433.789:ERROR:process_memory_win.cc(73)] ReadMemory at 0x7ffc65250000 of 64 bytes failed: Only part of a ReadProcessMemory or WriteProcessMemory request was completed. (0x12B)
[0706/190433.789:WARNING:pe_image_reader.cc(340)] could not read dos header from C:\WINDOWS\System32\cryptsp.dll
[0706/190433.789:ERROR:process_memory_win.cc(73)] ReadMemory at 0x7ffc65ab0000 of 64 bytes failed: Only part of a ReadProcessMemory or WriteProcessMemory request was completed. (0x12B)
[0706/190433.789:WARNING:pe_image_reader.cc(340)] could not read dos header from C:\WINDOWS\System32\IMM32.DLL
[0706/190433.789:ERROR:process_memory_win.cc(73)] ReadMemory at 0x7ffc63ba0000 of 64 bytes failed: Only part of a ReadProcessMemory or WriteProcessMemory request was completed. (0x12B)
[0706/190433.789:WARNING:pe_image_reader.cc(340)] could not read dos header from C:\WINDOWS\SYSTEM32\CRYPTBASE.DLL
[0706/190433.789:ERROR:process_memory_win.cc(73)] ReadMemory at 0x7ff7a79a0000 of 64 bytes failed: Only part of a ReadProcessMemory or WriteProcessMemory request was completed. (0x12B)
[0706/190433.789:WARNING:pe_image_reader.cc(340)] could not read dos header from C:\Program Files (x86)\Google\Chrome\Application\chrome.exe
[0706/190433.789:ERROR:process_memory_win.cc(73)] ReadMemory at 0x7ffc672a0000 of 64 bytes failed: Only part of a ReadProcessMemory or WriteProcessMemory request was completed. (0x12B)
[0706/190433.789:WARNING:pe_image_reader.cc(340)] could not read dos header from C:\WINDOWS\SYSTEM32\ntdll.dll
[0706/190433.789:ERROR:process_memory_win.cc(73)] ReadMemory at 0x7ffc65650000 of 64 bytes failed: Only part of a ReadProcessMemory or WriteProcessMemory request was completed. (0x12B)
[0706/190433.789:WARNING:pe_image_reader.cc(340)] could not read dos header from C:\WINDOWS\System32\KERNEL32.DLL
[0706/190433.789:ERROR:process_memory_win.cc(73)] ReadMemory at 0x7ffc64f70000 of 64 bytes failed: Only part of a ReadProcessMemory or WriteProcessMemory request was completed. (0x12B)
[0706/190433.789:WARNING:pe_image_reader.cc(340)] could not read dos header from C:\WINDOWS\System32\KERNELBASE.dll
[0706/190433.789:ERROR:process_memory_win.cc(73)] ReadMemory at 0x7ffc42880000 of 64 bytes failed: Only part of a ReadProcessMemory or WriteProcessMemory request was completed. (0x12B)
[0706/190433.789:WARNING:pe_image_reader.cc(340)] could not read dos header from C:\Program Files (x86)\Google\Chrome\Application\83.0.4103.116\chrome_elf.dll
[0706/190433.789:ERROR:process_memory_win.cc(73)] ReadMemory at 0x7ffc577c0000 of 64 bytes failed: Only part of a ReadProcessMemory or WriteProcessMemory request was completed. (0x12B)
[0706/190433.789:WARNING:pe_image_reader.cc(340)] could not read dos header from C:\WINDOWS\SYSTEM32\VERSION.dll
[0706/190433.789:ERROR:process_memory_win.cc(73)] ReadMemory at 0x7ffc65840000 of 64 bytes failed: Only part of a ReadProcessMemory or WriteProcessMemory request was completed. (0x12B)
[0706/190433.789:WARNING:pe_image_reader.cc(340)] could not read dos header from C:\WINDOWS\System32\msvcrt.dll
[0706/190433.789:ERROR:process_memory_win.cc(73)] ReadMemory at 0x7ffc65270000 of 64 bytes failed: Only part of a ReadProcessMemory or WriteProcessMemory request was completed. (0x12B)
[0706/190433.790:WARNING:pe_image_reader.cc(340)] could not read dos header from C:\WINDOWS\System32\bcryptPrimitives.dll
[0706/190433.790:ERROR:process_memory_win.cc(73)] ReadMemory at 0x7ffc67030000 of 64 bytes failed: Only part of a ReadProcessMemory or WriteProcessMemory request was completed. (0x12B)
[0706/190433.790:WARNING:pe_image_reader.cc(340)] could not read dos header from C:\WINDOWS\System32\ADVAPI32.dll
[0706/190433.790:ERROR:process_memory_win.cc(73)] ReadMemory at 0x7ffc65350000 of 64 bytes failed: Only part of a ReadProcessMemory or WriteProcessMemory request was completed. (0x12B)
[0706/190433.790:WARNING:pe_image_reader.cc(340)] could not read dos header from C:\WINDOWS\System32\sechost.dll
[0706/190433.790:ERROR:process_memory_win.cc(73)] ReadMemory at 0x7ffc67140000 of 64 bytes failed: Only part of a ReadProcessMemory or WriteProcessMemory request was completed. (0x12B)
[0706/190433.790:WARNING:pe_image_reader.cc(340)] could not read dos header from C:\WINDOWS\System32\RPCRT4.dll
[0706/190433.790:ERROR:process_memory_win.cc(73)] ReadMemory at 0x7ffbf3510000 of 64 bytes failed: Only part of a ReadProcessMemory or WriteProcessMemory request was completed. (0x12B)
[0706/190433.790:WARNING:pe_image_reader.cc(340)] could not read dos header from C:\Program Files (x86)\Google\Chrome\Application\83.0.4103.116\chrome.dll
[0706/190433.790:ERROR:process_memory_win.cc(73)] ReadMemory at 0x7ffc65a40000 of 64 bytes failed: Only part of a ReadProcessMemory or WriteProcessMemory request was completed. (0x12B)
[0706/190433.790:WARNING:pe_image_reader.cc(340)] could not read dos header from C:\WINDOWS\System32\WS2_32.dll
[0706/190433.790:ERROR:process_memory_win.cc(73)] ReadMemory at 0x7ffc65f80000 of 64 bytes failed: Only part of a ReadProcessMemory or WriteProcessMemory request was completed. (0x12B)
[0706/190433.790:WARNING:pe_image_reader.cc(340)] could not read dos header from C:\WINDOWS\System32\OLEAUT32.dll
[0706/190433.790:ERROR:process_memory_win.cc(73)] ReadMemory at 0x7ffc64b00000 of 64 bytes failed: Only part of a ReadProcessMemory or WriteProcessMemory request was completed. (0x12B)
[0706/190433.790:WARNING:pe_image_reader.cc(340)] could not read dos header from C:\WINDOWS\System32\msvcp_win.dll
[0706/190433.790:ERROR:process_memory_win.cc(73)] ReadMemory at 0x7ffc64c20000 of 64 bytes failed: Only part of a ReadProcessMemory or WriteProcessMemory request was completed. (0x12B)
[0706/190433.790:WARNING:pe_image_reader.cc(340)] could not read dos header from C:\WINDOWS\System32\ucrtbase.dll
[0706/190433.790:ERROR:process_memory_win.cc(73)] ReadMemory at 0x7ffc667b0000 of 64 bytes failed: Only part of a ReadProcessMemory or WriteProcessMemory request was completed. (0x12B)
[0706/190433.790:WARNING:pe_image_reader.cc(340)] could not read dos header from C:\WINDOWS\System32\combase.dll
[0706/190433.790:ERROR:process_memory_win.cc(73)] ReadMemory at 0x7ffc652f0000 of 64 bytes failed: Only part of a ReadProcessMemory or WriteProcessMemory request was completed. (0x12B)
[0706/190433.790:WARNING:pe_image_reader.cc(340)] could not read dos header from C:\WINDOWS\System32\WINTRUST.dll
[0706/190433.790:ERROR:process_memory_win.cc(73)] ReadMemory at 0x7ffc64190000 of 64 bytes failed: Only part of a ReadProcessMemory or WriteProcessMemory request was completed. (0x12B)
[0706/190433.790:WARNING:pe_image_reader.cc(340)] could not read dos header from C:\WINDOWS\System32\MSASN1.dll
[0706/190433.790:ERROR:process_memory_win.cc(73)] ReadMemory at 0x7ffc64230000 of 64 bytes failed: Only part of a ReadProcessMemory or WriteProcessMemory request was completed. (0x12B)
[0706/190433.790:WARNING:pe_image_reader.cc(340)] could not read dos header from C:\WINDOWS\System32\CRYPT32.dll
[0706/190433.790:ERROR:process_memory_win.cc(73)] ReadMemory at 0x7ffc636e0000 of 64 bytes failed: Only part of a ReadProcessMemory or WriteProcessMemory request was completed. (0x12B)
[0706/190433.790:WARNING:pe_image_reader.cc(340)] could not read dos header from C:\WINDOWS\SYSTEM32\IPHLPAPI.DLL
[0706/190433.790:ERROR:process_memory_win.cc(73)] ReadMemory at 0x7ffc61d30000 of 64 bytes failed: Only part of a ReadProcessMemory or WriteProcessMemory request was completed. (0x12B)
[0706/190433.790:WARNING:pe_image_reader.cc(340)] could not read dos header from C:\WINDOWS\SYSTEM32\WINMM.dll
[0706/190433.790:ERROR:process_memory_win.cc(73)] ReadMemory at 0x7ffc4f610000 of 64 bytes failed: Only part of a ReadProcessMemory or WriteProcessMemory request was completed. (0x12B)
[0706/190433.791:WARNING:pe_image_reader.cc(340)] could not read dos header from C:\WINDOWS\SYSTEM32\Secur32.dll
[0706/190433.791:ERROR:process_memory_win.cc(73)] ReadMemory at 0x7ffc64050000 of 64 bytes failed: Only part of a ReadProcessMemory or WriteProcessMemory request was completed. (0x12B)
[0706/190433.791:WARNING:pe_image_reader.cc(340)] could not read dos header from C:\WINDOWS\SYSTEM32\USERENV.dll
[0706/190433.791:ERROR:process_memory_win.cc(73)] ReadMemory at 0x7ffc64200000 of 64 bytes failed: Only part of a ReadProcessMemory or WriteProcessMemory request was completed. (0x12B)
[0706/190433.791:WARNING:pe_image_reader.cc(340)] could not read dos header from C:\WINDOWS\System32\profapi.dll
[0706/190433.791:ERROR:process_memory_win.cc(73)] ReadMemory at 0x7ffc30bd0000 of 64 bytes failed: Only part of a ReadProcessMemory or WriteProcessMemory request was completed. (0x12B)
[0706/190433.791:WARNING:pe_image_reader.cc(340)] could not read dos header from C:\WINDOWS\SYSTEM32\UIAutomationCore.DLL
[0706/190433.791:ERROR:process_memory_win.cc(73)] ReadMemory at 0x7ffc3fb00000 of 64 bytes failed: Only part of a ReadProcessMemory or WriteProcessMemory request was completed. (0x12B)
[0706/190433.791:WARNING:pe_image_reader.cc(340)] could not read dos header from C:\WINDOWS\SYSTEM32\DWrite.dll
[0706/190433.791:ERROR:process_memory_win.cc(73)] ReadMemory at 0x7ffc33db0000 of 64 bytes failed: Only part of a ReadProcessMemory or WriteProcessMemory request was completed. (0x12B)
[0706/190433.791:WARNING:pe_image_reader.cc(340)] could not read dos header from C:\WINDOWS\SYSTEM32\WINSPOOL.DRV
[0706/190433.791:ERROR:process_memory_win.cc(73)] ReadMemory at 0x7ffc64170000 of 64 bytes failed: Only part of a ReadProcessMemory or WriteProcessMemory request was completed. (0x12B)
[0706/190433.791:WARNING:pe_image_reader.cc(340)] could not read dos header from C:\WINDOWS\System32\kernel.appcore.dll
[0706/190433.791:ERROR:process_memory_win.cc(73)] ReadMemory at 0x7ffc64bf0000 of 64 bytes failed: Only part of a ReadProcessMemory or WriteProcessMemory request was completed. (0x12B)
[0706/190433.791:WARNING:pe_image_reader.cc(340)] could not read dos header from C:\WINDOWS\System32\bcrypt.dll
[0706/190433.791:ERROR:process_memory_win.cc(73)] ReadMemory at 0x7ffc5d760000 of 64 bytes failed: Only part of a ReadProcessMemory or WriteProcessMemory request was completed. (0x12B)
[0706/190433.791:WARNING:pe_image_reader.cc(340)] could not read dos header from C:\WINDOWS\SYSTEM32\dbghelp.dll
[0706/190433.791:ERROR:process_memory_win.cc(73)] ReadMemory at 0x7ffc5f3a0000 of 64 bytes failed: Only part of a ReadProcessMemory or WriteProcessMemory request was completed. (0x12B)
[0706/190433.791:WARNING:pe_image_reader.cc(340)] could not read dos header from C:\WINDOWS\SYSTEM32\WINHTTP.dll
[0706/190433.791:ERROR:process_memory_win.cc(73)] ReadMemory at 0x7ffc57550000 of 64 bytes failed: Only part of a ReadProcessMemory or WriteProcessMemory request was completed. (0x12B)
[0706/190433.791:WARNING:pe_image_reader.cc(340)] could not read dos header from C:\WINDOWS\SYSTEM32\dhcpcsvc.DLL
[0706/190433.791:ERROR:process_memory_win.cc(73)] ReadMemory at 0x7ffc65640000 of 64 bytes failed: Only part of a ReadProcessMemory or WriteProcessMemory request was completed. (0x12B)
[0706/190433.791:WARNING:pe_image_reader.cc(340)] could not read dos header from C:\WINDOWS\System32\NSI.dll
[0706/190433.791:ERROR:process_memory_win.cc(73)] ReadMemory at 0x7ffc61d00000 of 64 bytes failed: Only part of a ReadProcessMemory or WriteProcessMemory request was completed. (0x12B)
[0706/190433.791:WARNING:pe_image_reader.cc(340)] could not read dos header from C:\WINDOWS\SYSTEM32\WINMMBASE.dll
[0706/190433.791:ERROR:process_memory_win.cc(73)] ReadMemory at 0x7ffc64ba0000 of 64 bytes failed: Only part of a ReadProcessMemory or WriteProcessMemory request was completed. (0x12B)
[0706/190433.791:WARNING:pe_image_reader.cc(340)] could not read dos header from C:\WINDOWS\System32\cfgmgr32.dll
[0706/190433.791:ERROR:process_memory_win.cc(73)] ReadMemory at 0x7ffc60af0000 of 64 bytes failed: Only part of a ReadProcessMemory or WriteProcessMemory request was completed. (0x12B)
[0706/190433.791:WARNING:pe_image_reader.cc(340)] could not read dos header from C:\WINDOWS\SYSTEM32\PROPSYS.dll
[0706/190433.791:ERROR:process_memory_win.cc(73)] ReadMemory at 0x7ffc65590000 of 64 bytes failed: Only part of a ReadProcessMemory or WriteProcessMemory request was completed. (0x12B)
[0706/190433.791:WARNING:pe_image_reader.cc(340)] could not read dos header from C:\WINDOWS\System32\shcore.dll
[0706/190433.791:ERROR:process_memory_win.cc(73)] ReadMemory at 0x7ffc64080000 of 64 bytes failed: Only part of a ReadProcessMemory or WriteProcessMemory request was completed. (0x12B)
[0706/190433.791:WARNING:pe_image_reader.cc(340)] could not read dos header from C:\WINDOWS\SYSTEM32\SSPICLI.DLL
[0706/190433.791:ERROR:process_memory_win.cc(73)] ReadMemory at 0x7ffc66060000 of 64 bytes failed: Only part of a ReadProcessMemory or WriteProcessMemory request was completed. (0x12B)
[0706/190433.791:WARNING:pe_image_reader.cc(340)] could not read dos header from C:\WINDOWS\System32\SHELL32.dll
[0706/190433.791:ERROR:process_memory_win.cc(73)] ReadMemory at 0x7ffc64380000 of 64 bytes failed: Only part of a ReadProcessMemory or WriteProcessMemory request was completed. (0x12B)
[0706/190433.792:WARNING:pe_image_reader.cc(340)] could not read dos header from C:\WINDOWS\System32\windows.storage.dll
[0706/190433.792:ERROR:process_memory_win.cc(73)] ReadMemory at 0x7ffc641b0000 of 64 bytes failed: Only part of a ReadProcessMemory or WriteProcessMemory request was completed. (0x12B)
[0706/190433.792:WARNING:pe_image_reader.cc(340)] could not read dos header from C:\WINDOWS\System32\powrprof.dll
[0706/190433.792:ERROR:process_memory_win.cc(73)] ReadMemory at 0x7ffc64160000 of 64 bytes failed: Only part of a ReadProcessMemory or WriteProcessMemory request was completed. (0x12B)
[0706/190433.792:WARNING:pe_image_reader.cc(340)] could not read dos header from C:\WINDOWS\System32\UMPDC.dll
[0706/190433.792:ERROR:process_memory_win.cc(73)] ReadMemory at 0x7ffc670e0000 of 64 bytes failed: Only part of a ReadProcessMemory or WriteProcessMemory request was completed. (0x12B)
[0706/190433.792:WARNING:pe_image_reader.cc(340)] could not read dos header from C:\WINDOWS\System32\shlwapi.dll
[0706/190433.792:ERROR:process_memory_win.cc(73)] ReadMemory at 0x1fce5b30000 of 64 bytes failed: Only part of a ReadProcessMemory or WriteProcessMemory request was completed. (0x12B)
[0706/190433.792:WARNING:pe_image_reader.cc(340)] could not read dos header from C:\WINDOWS\System32\GDI32.dll
[0706/190433.792:ERROR:process_memory_win.cc(73)] ReadMemory at 0x7ffc65220000 of 64 bytes failed: Only part of a ReadProcessMemory or WriteProcessMemory request was completed. (0x12B)
[0706/190433.792:WARNING:pe_image_reader.cc(340)] could not read dos header from C:\WINDOWS\System32\win32u.dll
[0706/190433.792:ERROR:process_memory_win.cc(73)] ReadMemory at 0x7ffc64dd0000 of 64 bytes failed: Only part of a ReadProcessMemory or WriteProcessMemory request was completed. (0x12B)
[0706/190433.792:WARNING:pe_image_reader.cc(340)] could not read dos header from C:\WINDOWS\System32\gdi32full.dll
[0706/190433.792:ERROR:process_memory_win.cc(73)] ReadMemory at 0x7ffc653f0000 of 64 bytes failed: Only part of a ReadProcessMemory or WriteProcessMemory request was completed. (0x12B)
[0706/190433.792:WARNING:pe_image_reader.cc(340)] could not read dos header from C:\WINDOWS\System32\USER32.dll
[0706/190433.792:ERROR:process_memory_win.cc(73)] ReadMemory at 0x7ffc65250000 of 64 bytes failed: Only part of a ReadProcessMemory or WriteProcessMemory request was completed. (0x12B)
[0706/190433.792:WARNING:pe_image_reader.cc(340)] could not read dos header from C:\WINDOWS\System32\cryptsp.dll
[0706/190433.792:ERROR:process_memory_win.cc(73)] ReadMemory at 0x7ffc65ab0000 of 64 bytes failed: Only part of a ReadProcessMemory or WriteProcessMemory request was completed. (0x12B)
[0706/190433.792:WARNING:pe_image_reader.cc(340)] could not read dos header from C:\WINDOWS\System32\IMM32.DLL
[0706/190433.792:ERROR:process_memory_win.cc(73)] ReadMemory at 0x7ffc63ba0000 of 64 bytes failed: Only part of a ReadProcessMemory or WriteProcessMemory request was completed. (0x12B)
[0706/190433.792:WARNING:pe_image_reader.cc(340)] could not read dos header from C:\WINDOWS\SYSTEM32\CRYPTBASE.DLL
[0706/190433.803:ERROR:process_memory_win.cc(73)] ReadMemory at 0x9e253e5000 of 110592 bytes failed: Only part of a ReadProcessMemory or WriteProcessMemory request was completed. (0x12B)
[0706/190433.803:ERROR:process_memory_win.cc(73)] ReadMemory at 0x9e25bfd000 of 12288 bytes failed: Only part of a ReadProcessMemory or WriteProcessMemory request was completed. (0x12B)
[0706/190433.804:ERROR:process_memory_win.cc(73)] ReadMemory at 0x9e263f8000 of 32768 bytes failed: Only part of a ReadProcessMemory or WriteProcessMemory request was completed. (0x12B)
[0706/190433.804:ERROR:process_memory_win.cc(73)] ReadMemory at 0x9e26bfc000 of 16384 bytes failed: Only part of a ReadProcessMemory or WriteProcessMemory request was completed. (0x12B)
[0706/190433.804:ERROR:process_memory_win.cc(73)] ReadMemory at 0x9e273fc000 of 16384 bytes failed: Only part of a ReadProcessMemory or WriteProcessMemory request was completed. (0x12B)
[0706/190433.804:ERROR:process_memory_win.cc(73)] ReadMemory at 0x9e27bff000 of 4096 bytes failed: Only part of a ReadProcessMemory or WriteProcessMemory request was completed. (0x12B)
[0706/190433.804:ERROR:process_memory_win.cc(73)] ReadMemory at 0x9e283fd000 of 12288 bytes failed: Only part of a ReadProcessMemory or WriteProcessMemory request was completed. (0x12B)
[0706/190433.804:ERROR:process_memory_win.cc(73)] ReadMemory at 0x9e28bfb000 of 20480 bytes failed: Only part of a ReadProcessMemory or WriteProcessMemory request was completed. (0x12B)
[0706/190433.804:ERROR:process_memory_win.cc(73)] ReadMemory at 0x9e293fd000 of 12288 bytes failed: Only part of a ReadProcessMemory or WriteProcessMemory request was completed. (0x12B)
[0706/190433.804:ERROR:process_memory_win.cc(73)] ReadMemory at 0x9e29bfc000 of 16384 bytes failed: Only part of a ReadProcessMemory or WriteProcessMemory request was completed. (0x12B)
[0706/190433.804:ERROR:process_memory_win.cc(73)] ReadMemory at 0x9e2a3fd000 of 12288 bytes failed: Only part of a ReadProcessMemory or WriteProcessMemory request was completed. (0x12B)
[0706/190433.804:ERROR:process_memory_win.cc(73)] ReadMemory at 0x9e2abfd000 of 12288 bytes failed: Only part of a ReadProcessMemory or WriteProcessMemory request was completed. (0x12B)
[0706/190433.804:ERROR:process_memory_win.cc(73)] ReadMemory at 0x9e2b3fd000 of 12288 bytes failed: Only part of a ReadProcessMemory or WriteProcessMemory request was completed. (0x12B)
[0706/190433.804:ERROR:process_memory_win.cc(73)] ReadMemory at 0x9e2bbf8000 of 32768 bytes failed: Only part of a ReadProcessMemory or WriteProcessMemory request was completed. (0x12B)
[0706/190433.804:ERROR:process_memory_win.cc(73)] ReadMemory at 0x9e2c3f9000 of 28672 bytes failed: Only part of a ReadProcessMemory or WriteProcessMemory request was completed. (0x12B)
[0706/190433.805:ERROR:process_memory_win.cc(73)] ReadMemory at 0x9e2cbfb000 of 20480 bytes failed: Only part of a ReadProcessMemory or WriteProcessMemory request was completed. (0x12B)
[0706/190433.805:ERROR:process_memory_win.cc(73)] ReadMemory at 0x9e2d3fb000 of 20480 bytes failed: Only part of a ReadProcessMemory or WriteProcessMemory request was completed. (0x12B)
[0706/190433.805:ERROR:process_memory_win.cc(73)] ReadMemory at 0x9e24a3d000 of 852 bytes failed: Only part of a ReadProcessMemory or WriteProcessMemory request was completed. (0x12B)
[0706/190433.805:ERROR:process_memory_win.cc(73)] ReadMemory at 0x9e24a3e000 of 6024 bytes failed: Only part of a ReadProcessMemory or WriteProcessMemory request was completed. (0x12B)
[0706/190433.805:ERROR:process_memory_win.cc(73)] ReadMemory at 0x9e24a40000 of 6024 bytes failed: Only part of a ReadProcessMemory or WriteProcessMemory request was completed. (0x12B)
[0706/190433.805:ERROR:process_memory_win.cc(73)] ReadMemory at 0x9e24a42000 of 6024 bytes failed: Only part of a ReadProcessMemory or WriteProcessMemory request was completed. (0x12B)
[0706/190433.805:ERROR:process_memory_win.cc(73)] ReadMemory at 0x9e24a44000 of 6024 bytes failed: Only part of a ReadProcessMemory or WriteProcessMemory request was completed. (0x12B)
[0706/190433.805:ERROR:process_memory_win.cc(73)] ReadMemory at 0x9e24a46000 of 6024 bytes failed: Only part of a ReadProcessMemory or WriteProcessMemory request was completed. (0x12B)
[0706/190433.805:ERROR:process_memory_win.cc(73)] ReadMemory at 0x9e24a48000 of 6024 bytes failed: Only part of a ReadProcessMemory or WriteProcessMemory request was completed. (0x12B)
[0706/190433.805:ERROR:process_memory_win.cc(73)] ReadMemory at 0x9e24a4a000 of 6024 bytes failed: Only part of a ReadProcessMemory or WriteProcessMemory request was completed. (0x12B)
[0706/190433.805:ERROR:process_memory_win.cc(73)] ReadMemory at 0x9e24a4c000 of 6024 bytes failed: Only part of a ReadProcessMemory or WriteProcessMemory request was completed. (0x12B)
[0706/190433.805:ERROR:process_memory_win.cc(73)] ReadMemory at 0x9e24a4e000 of 6024 bytes failed: Only part of a ReadProcessMemory or WriteProcessMemory request was completed. (0x12B)
[0706/190433.805:ERROR:process_memory_win.cc(73)] ReadMemory at 0x9e24a50000 of 6024 bytes failed: Only part of a ReadProcessMemory or WriteProcessMemory request was completed. (0x12B)
[0706/190433.805:ERROR:process_memory_win.cc(73)] ReadMemory at 0x9e24a52000 of 6024 bytes failed: Only part of a ReadProcessMemory or WriteProcessMemory request was completed. (0x12B)
[0706/190433.806:ERROR:process_memory_win.cc(73)] ReadMemory at 0x9e24a54000 of 6024 bytes failed: Only part of a ReadProcessMemory or WriteProcessMemory request was completed. (0x12B)
[0706/190433.806:ERROR:process_memory_win.cc(73)] ReadMemory at 0x9e24a56000 of 6024 bytes failed: Only part of a ReadProcessMemory or WriteProcessMemory request was completed. (0x12B)
[0706/190433.806:ERROR:process_memory_win.cc(73)] ReadMemory at 0x9e24a58000 of 6024 bytes failed: Only part of a ReadProcessMemory or WriteProcessMemory request was completed. (0x12B)
[0706/190433.806:ERROR:process_memory_win.cc(73)] ReadMemory at 0x9e24a5a000 of 6024 bytes failed: Only part of a ReadProcessMemory or WriteProcessMemory request was completed. (0x12B)
[0706/190433.806:ERROR:process_memory_win.cc(73)] ReadMemory at 0x9e24a5c000 of 6024 bytes failed: Only part of a ReadProcessMemory or WriteProcessMemory request was completed. (0x12B)
[0706/190433.806:ERROR:process_memory_win.cc(73)] ReadMemory at 0x9e24a5df80 of 6152 bytes failed: Only part of a ReadProcessMemory or WriteProcessMemory request was completed. (0x12B)
[0706/190433.806:ERROR:process_memory_win.cc(73)] ReadMemory at 0x1fce5770fe0 of 4108 bytes failed: Only part of a ReadProcessMemory or WriteProcessMemory request was completed. (0x12B)
[0706/190433.806:ERROR:process_memory_win.cc(73)] ReadMemory at 0x1fce5772000 of 1012 bytes failed: Only part of a ReadProcessMemory or WriteProcessMemory request was completed. (0x12B)
[0706/190433.806:ERROR:process_memory_win.cc(73)] ReadMemory at 0x1fce5772648 of 118 bytes failed: Only part of a ReadProcessMemory or WriteProcessMemory request was completed. (0x12B)
[0706/190433.806:ERROR:process_memory_win.cc(73)] ReadMemory at 0x1fce57726c0 of 1264 bytes failed: Only part of a ReadProcessMemory or WriteProcessMemory request was completed. (0x12B)
[0706/190433.806:ERROR:process_memory_win.cc(73)] ReadMemory at 0x1fce5772bb2 of 118 bytes failed: Only part of a ReadProcessMemory or WriteProcessMemory request was completed. (0x12B)
[0706/190433.806:ERROR:process_memory_win.cc(73)] ReadMemory at 0x1fce5772c2a of 96 bytes failed: Only part of a ReadProcessMemory or WriteProcessMemory request was completed. (0x12B)
[0706/190433.806:ERROR:process_memory_win.cc(73)] ReadMemory at 0x1fce5772ca0 of 58 bytes failed: Only part of a ReadProcessMemory or WriteProcessMemory request was completed. (0x12B)
[0706/190433.806:ERROR:process_memory_win.cc(73)] ReadMemory at 0x1fce5772da0 of 132 bytes failed: Only part of a ReadProcessMemory or WriteProcessMemory request was completed. (0x12B)
[0706/190433.806:ERROR:process_memory_win.cc(73)] ReadMemory at 0x1fce5772f30 of 132 bytes failed: Only part of a ReadProcessMemory or WriteProcessMemory request was completed. (0x12B)
[0706/190433.806:ERROR:process_memory_win.cc(73)] ReadMemory at 0x1fce57730f0 of 126 bytes failed: Only part of a ReadProcessMemory or WriteProcessMemory request was completed. (0x12B)
[0706/190433.806:ERROR:process_memory_win.cc(73)] ReadMemory at 0x1fce57734d0 of 132 bytes failed: Only part of a ReadProcessMemory or WriteProcessMemory request was completed. (0x12B)
[0706/190433.807:ERROR:process_memory_win.cc(73)] ReadMemory at 0x1fce5773660 of 64 bytes failed: Only part of a ReadProcessMemory or WriteProcessMemory request was completed. (0x12B)
[0706/190433.807:ERROR:process_memory_win.cc(73)] ReadMemory at 0x1fce57736b0 of 132 bytes failed: Only part of a ReadProcessMemory or WriteProcessMemory request was completed. (0x12B)
[0706/190433.807:ERROR:process_memory_win.cc(73)] ReadMemory at 0x1fce57737e0 of 132 bytes failed: Only part of a ReadProcessMemory or WriteProcessMemory request was completed. (0x12B)
[0706/190433.807:ERROR:process_memory_win.cc(73)] ReadMemory at 0x1fce5773ac0 of 132 bytes failed: Only part of a ReadProcessMemory or WriteProcessMemory request was completed. (0x12B)
[0706/190433.807:ERROR:process_memory_win.cc(73)] ReadMemory at 0x1fce5773c50 of 68 bytes failed: Only part of a ReadProcessMemory or WriteProcessMemory request was completed. (0x12B)
[0706/190433.807:ERROR:process_memory_win.cc(73)] ReadMemory at 0x1fce5774e20 of 132 bytes failed: Only part of a ReadProcessMemory or WriteProcessMemory request was completed. (0x12B)
[0706/190433.807:ERROR:process_memory_win.cc(73)] ReadMemory at 0x1fce5774f90 of 154 bytes failed: Only part of a ReadProcessMemory or WriteProcessMemory request was completed. (0x12B)
[0706/190433.807:ERROR:process_memory_win.cc(73)] ReadMemory at 0x1fce5775df0 of 60 bytes failed: Only part of a ReadProcessMemory or WriteProcessMemory request was completed. (0x12B)
[0706/190433.807:ERROR:process_memory_win.cc(73)] ReadMemory at 0x1fce5775e40 of 62 bytes failed: Only part of a ReadProcessMemory or WriteProcessMemory request was completed. (0x12B)
[0706/190433.807:ERROR:process_memory_win.cc(73)] ReadMemory at 0x1fce57764a0 of 132 bytes failed: Only part of a ReadProcessMemory or WriteProcessMemory request was completed. (0x12B)
[0706/190433.807:ERROR:process_memory_win.cc(73)] ReadMemory at 0x1fce5777dc0 of 132 bytes failed: Only part of a ReadProcessMemory or WriteProcessMemory request was completed. (0x12B)
[0706/190433.807:ERROR:process_memory_win.cc(73)] ReadMemory at 0x1fce5777ef0 of 146 bytes failed: Only part of a ReadProcessMemory or WriteProcessMemory request was completed. (0x12B)
[0706/190433.807:ERROR:process_memory_win.cc(73)] ReadMemory at 0x1fce577a480 of 132 bytes failed: Only part of a ReadProcessMemory or WriteProcessMemory request was completed. (0x12B)
[0706/190433.807:ERROR:process_memory_win.cc(73)] ReadMemory at 0x1fce577a5b0 of 132 bytes failed: Only part of a ReadProcessMemory or WriteProcessMemory request was completed. (0x12B)
[0706/190433.807:ERROR:process_memory_win.cc(73)] ReadMemory at 0x1fce577a740 of 80 bytes failed: Only part of a ReadProcessMemory or WriteProcessMemory request was completed. (0x12B)
[0706/190433.807:ERROR:process_memory_win.cc(73)] ReadMemory at 0x1fce577b190 of 60 bytes failed: Only part of a ReadProcessMemory or WriteProcessMemory request was completed. (0x12B)
[0706/190433.808:ERROR:process_memory_win.cc(73)] ReadMemory at 0x1fce577b1e0 of 64 bytes failed: Only part of a ReadProcessMemory or WriteProcessMemory request was completed. (0x12B)
[0706/190433.808:ERROR:process_memory_win.cc(73)] ReadMemory at 0x1fce577b230 of 64 bytes failed: Only part of a ReadProcessMemory or WriteProcessMemory request was completed. (0x12B)
[0706/190433.808:ERROR:process_memory_win.cc(73)] ReadMemory at 0x1fce577b2d0 of 64 bytes failed: Only part of a ReadProcessMemory or WriteProcessMemory request was completed. (0x12B)
[0706/190433.808:ERROR:process_memory_win.cc(73)] ReadMemory at 0x1fce577b370 of 66 bytes failed: Only part of a ReadProcessMemory or WriteProcessMemory request was completed. (0x12B)
[0706/190433.808:ERROR:process_memory_win.cc(73)] ReadMemory at 0x1fce577b3c0 of 62 bytes failed: Only part of a ReadProcessMemory or WriteProcessMemory request was completed. (0x12B)
[0706/190433.808:ERROR:process_memory_win.cc(73)] ReadMemory at 0x1fce577b550 of 64 bytes failed: Only part of a ReadProcessMemory or WriteProcessMemory request was completed. (0x12B)
[0706/190433.808:ERROR:process_memory_win.cc(73)] ReadMemory at 0x1fce577b5a0 of 60 bytes failed: Only part of a ReadProcessMemory or WriteProcessMemory request was completed. (0x12B)
[0706/190433.808:ERROR:process_memory_win.cc(73)] ReadMemory at 0x1fce577b690 of 62 bytes failed: Only part of a ReadProcessMemory or WriteProcessMemory request was completed. (0x12B)
[0706/190433.808:ERROR:process_memory_win.cc(73)] ReadMemory at 0x1fce577b900 of 132 bytes failed: Only part of a ReadProcessMemory or WriteProcessMemory request was completed. (0x12B)
[0706/190433.808:ERROR:process_memory_win.cc(73)] ReadMemory at 0x1fce577ba30 of 132 bytes failed: Only part of a ReadProcessMemory or WriteProcessMemory request was completed. (0x12B)
[0706/190433.808:ERROR:process_memory_win.cc(73)] ReadMemory at 0x1fce577bb60 of 132 bytes failed: Only part of a ReadProcessMemory or WriteProcessMemory request was completed. (0x12B)
[0706/190433.808:ERROR:process_memory_win.cc(73)] ReadMemory at 0x1fce577bc90 of 132 bytes failed: Only part of a ReadProcessMemory or WriteProcessMemory request was completed. (0x12B)
[0706/190433.808:ERROR:process_memory_win.cc(73)] ReadMemory at 0x1fce577bdc0 of 132 bytes failed: Only part of a ReadProcessMemory or WriteProcessMemory request was completed. (0x12B)
[0706/190433.808:ERROR:process_memory_win.cc(73)] ReadMemory at 0x1fce577bef0 of 132 bytes failed: Only part of a ReadProcessMemory or WriteProcessMemory request was completed. (0x12B)
[0706/190433.808:ERROR:process_memory_win.cc(73)] ReadMemory at 0x1fce577c020 of 132 bytes failed: Only part of a ReadProcessMemory or WriteProcessMemory request was completed. (0x12B)
[0706/190433.808:ERROR:process_memory_win.cc(73)] ReadMemory at 0x1fce577c150 of 132 bytes failed: Only part of a ReadProcessMemory or WriteProcessMemory request was completed. (0x12B)
[0706/190433.808:ERROR:process_memory_win.cc(73)] ReadMemory at 0x1fce577c280 of 132 bytes failed: Only part of a ReadProcessMemory or WriteProcessMemory request was completed. (0x12B)
[0706/190433.809:ERROR:process_memory_win.cc(73)] ReadMemory at 0x1fce577c3b0 of 132 bytes failed: Only part of a ReadProcessMemory or WriteProcessMemory request was completed. (0x12B)
[0706/190433.809:ERROR:process_memory_win.cc(73)] ReadMemory at 0x1fce577c610 of 132 bytes failed: Only part of a ReadProcessMemory or WriteProcessMemory request was completed. (0x12B)
[0706/190433.809:ERROR:process_memory_win.cc(73)] ReadMemory at 0x1fce577c740 of 132 bytes failed: Only part of a ReadProcessMemory or WriteProcessMemory request was completed. (0x12B)
[0706/190433.809:ERROR:process_memory_win.cc(73)] ReadMemory at 0x1fce577c960 of 60 bytes failed: Only part of a ReadProcessMemory or WriteProcessMemory request was completed. (0x12B)
[0706/190433.809:ERROR:process_memory_win.cc(73)] ReadMemory at 0x1fce577ca50 of 58 bytes failed: Only part of a ReadProcessMemory or WriteProcessMemory request was completed. (0x12B)
[0706/190433.809:ERROR:process_memory_win.cc(73)] ReadMemory at 0x1fce577cb40 of 58 bytes failed: Only part of a ReadProcessMemory or WriteProcessMemory request was completed. (0x12B)
[0706/190433.809:ERROR:process_memory_win.cc(73)] ReadMemory at 0x1fce577ccd0 of 60 bytes failed: Only part of a ReadProcessMemory or WriteProcessMemory request was completed. (0x12B)
[0706/190433.809:ERROR:process_memory_win.cc(73)] ReadMemory at 0x1fce577cf50 of 66 bytes failed: Only part of a ReadProcessMemory or WriteProcessMemory request was completed. (0x12B)
[0706/190433.809:ERROR:process_memory_win.cc(73)] ReadMemory at 0x1fce577cfa0 of 62 bytes failed: Only part of a ReadProcessMemory or WriteProcessMemory request was completed. (0x12B)
[0706/190433.809:ERROR:process_memory_win.cc(73)] ReadMemory at 0x1fce577cff0 of 58 bytes failed: Only part of a ReadProcessMemory or WriteProcessMemory request was completed. (0x12B)
[0706/190433.809:ERROR:process_memory_win.cc(73)] ReadMemory at 0x1fce577d720 of 62 bytes failed: Only part of a ReadProcessMemory or WriteProcessMemory request was completed. (0x12B)
[0706/190433.809:ERROR:process_memory_win.cc(73)] ReadMemory at 0x1fce577e420 of 132 bytes failed: Only part of a ReadProcessMemory or WriteProcessMemory request was completed. (0x12B)
[0706/190433.809:ERROR:process_memory_win.cc(73)] ReadMemory at 0x1fce577ee70 of 132 bytes failed: Only part of a ReadProcessMemory or WriteProcessMemory request was completed. (0x12B)
[0706/190433.809:ERROR:process_memory_win.cc(73)] ReadMemory at 0x1fce57802f0 of 54 bytes failed: Only part of a ReadProcessMemory or WriteProcessMemory request was completed. (0x12B)
[0706/190433.809:ERROR:process_memory_win.cc(73)] ReadMemory at 0x1fce5783a20 of 132 bytes failed: Only part of a ReadProcessMemory or WriteProcessMemory request was completed. (0x12B)
[0706/190433.809:ERROR:process_memory_win.cc(73)] ReadMemory at 0x1fce5783c40 of 132 bytes failed: Only part of a ReadProcessMemory or WriteProcessMemory request was completed. (0x12B)
[0706/190433.809:ERROR:process_memory_win.cc(73)] ReadMemory at 0x1fce5783fa0 of 132 bytes failed: Only part of a ReadProcessMemory or WriteProcessMemory request was completed. (0x12B)
[0706/190433.809:ERROR:process_memory_win.cc(73)] ReadMemory at 0x1fce57841b0 of 132 bytes failed: Only part of a ReadProcessMemory or WriteProcessMemory request was completed. (0x12B)
[0706/190433.809:ERROR:process_memory_win.cc(73)] ReadMemory at 0x1fce5785630 of 76 bytes failed: Only part of a ReadProcessMemory or WriteProcessMemory request was completed. (0x12B)
[0706/190433.810:ERROR:process_memory_win.cc(73)] ReadMemory at 0x1fce57857b0 of 78 bytes failed: Only part of a ReadProcessMemory or WriteProcessMemory request was completed. (0x12B)
[0706/190433.810:ERROR:process_memory_win.cc(73)] ReadMemory at 0x1fce57859f0 of 80 bytes failed: Only part of a ReadProcessMemory or WriteProcessMemory request was completed. (0x12B)
[0706/190433.810:ERROR:process_memory_win.cc(73)] ReadMemory at 0x1fce57860c0 of 62 bytes failed: Only part of a ReadProcessMemory or WriteProcessMemory request was completed. (0x12B)
[0706/190433.810:ERROR:process_memory_win.cc(73)] ReadMemory at 0x1fce57861b0 of 60 bytes failed: Only part of a ReadProcessMemory or WriteProcessMemory request was completed. (0x12B)
[0706/190433.810:ERROR:process_memory_win.cc(73)] ReadMemory at 0x1fce5786200 of 62 bytes failed: Only part of a ReadProcessMemory or WriteProcessMemory request was completed. (0x12B)
[0706/190433.810:ERROR:process_memory_win.cc(73)] ReadMemory at 0x1fce57862a0 of 64 bytes failed: Only part of a ReadProcessMemory or WriteProcessMemory request was completed. (0x12B)
[0706/190433.810:ERROR:process_memory_win.cc(73)] ReadMemory at 0x1fce57862f0 of 58 bytes failed: Only part of a ReadProcessMemory or WriteProcessMemory request was completed. (0x12B)
[0706/190433.810:ERROR:process_memory_win.cc(73)] ReadMemory at 0x1fce5786340 of 62 bytes failed: Only part of a ReadProcessMemory or WriteProcessMemory request was completed. (0x12B)
[0706/190433.810:ERROR:process_memory_win.cc(73)] ReadMemory at 0x1fce5786480 of 60 bytes failed: Only part of a ReadProcessMemory or WriteProcessMemory request was completed. (0x12B)
[0706/190433.810:ERROR:process_memory_win.cc(73)] ReadMemory at 0x1fce5786520 of 60 bytes failed: Only part of a ReadProcessMemory or WriteProcessMemory request was completed. (0x12B)
[0706/190433.810:ERROR:process_memory_win.cc(73)] ReadMemory at 0x1fce5786660 of 62 bytes failed: Only part of a ReadProcessMemory or WriteProcessMemory request was completed. (0x12B)
[0706/190433.810:ERROR:process_memory_win.cc(73)] ReadMemory at 0x1fce5786700 of 66 bytes failed: Only part of a ReadProcessMemory or WriteProcessMemory request was completed. (0x12B)
[0706/190433.810:ERROR:process_memory_win.cc(73)] ReadMemory at 0x1fce5786840 of 62 bytes failed: Only part of a ReadProcessMemory or WriteProcessMemory request was completed. (0x12B)
[0706/190433.810:ERROR:process_memory_win.cc(73)] ReadMemory at 0x1fce5786930 of 64 bytes failed: Only part of a ReadProcessMemory or WriteProcessMemory request was completed. (0x12B)
[0706/190433.810:ERROR:process_memory_win.cc(73)] ReadMemory at 0x1fce5786980 of 64 bytes failed: Only part of a ReadProcessMemory or WriteProcessMemory request was completed. (0x12B)
[0706/190433.810:ERROR:process_memory_win.cc(73)] ReadMemory at 0x1fce5786a20 of 60 bytes failed: Only part of a ReadProcessMemory or WriteProcessMemory request was completed. (0x12B)
[0706/190433.810:ERROR:process_memory_win.cc(73)] ReadMemory at 0x1fce5786b10 of 62 bytes failed: Only part of a ReadProcessMemory or WriteProcessMemory request was completed. (0x12B)
[0706/190433.811:ERROR:process_memory_win.cc(73)] ReadMemory at 0x1fce5786ca0 of 62 bytes failed: Only part of a ReadProcessMemory or WriteProcessMemory request was completed. (0x12B)
[0706/190433.811:ERROR:process_memory_win.cc(73)] ReadMemory at 0x1fce5786cf0 of 64 bytes failed: Only part of a ReadProcessMemory or WriteProcessMemory request was completed. (0x12B)
[0706/190433.811:ERROR:process_memory_win.cc(73)] ReadMemory at 0x1fce5786de0 of 62 bytes failed: Only part of a ReadProcessMemory or WriteProcessMemory request was completed. (0x12B)
[0706/190433.811:ERROR:process_memory_win.cc(73)] ReadMemory at 0x1fce5786e30 of 62 bytes failed: Only part of a ReadProcessMemory or WriteProcessMemory request was completed. (0x12B)
[0706/190433.811:ERROR:process_memory_win.cc(73)] ReadMemory at 0x1fce5786ed0 of 64 bytes failed: Only part of a ReadProcessMemory or WriteProcessMemory request was completed. (0x12B)
[0706/190433.811:ERROR:process_memory_win.cc(73)] ReadMemory at 0x1fce5786f90 of 132 bytes failed: Only part of a ReadProcessMemory or WriteProcessMemory request was completed. (0x12B)
[0706/190433.811:ERROR:process_memory_win.cc(73)] ReadMemory at 0x1fce57870c0 of 132 bytes failed: Only part of a ReadProcessMemory or WriteProcessMemory request was completed. (0x12B)
[0706/190433.811:ERROR:process_memory_win.cc(73)] ReadMemory at 0x1fce57871f0 of 132 bytes failed: Only part of a ReadProcessMemory or WriteProcessMemory request was completed. (0x12B)
[0706/190433.811:ERROR:process_memory_win.cc(73)] ReadMemory at 0x1fce5787320 of 132 bytes failed: Only part of a ReadProcessMemory or WriteProcessMemory request was completed. (0x12B)
[0706/190433.811:ERROR:process_memory_win.cc(73)] ReadMemory at 0x1fce5787580 of 132 bytes failed: Only part of a ReadProcessMemory or WriteProcessMemory request was completed. (0x12B)
[0706/190433.811:ERROR:process_memory_win.cc(73)] ReadMemory at 0x1fce57876b0 of 132 bytes failed: Only part of a ReadProcessMemory or WriteProcessMemory request was completed. (0x12B)
[0706/190433.811:ERROR:process_memory_win.cc(73)] ReadMemory at 0x1fce57877e0 of 132 bytes failed: Only part of a ReadProcessMemory or WriteProcessMemory request was completed. (0x12B)
[0706/190433.811:ERROR:process_memory_win.cc(73)] ReadMemory at 0x1fce5787910 of 132 bytes failed: Only part of a ReadProcessMemory or WriteProcessMemory request was completed. (0x12B)
[0706/190433.811:ERROR:process_memory_win.cc(73)] ReadMemory at 0x1fce5787a40 of 132 bytes failed: Only part of a ReadProcessMemory or WriteProcessMemory request was completed. (0x12B)
[0706/190433.811:ERROR:process_memory_win.cc(73)] ReadMemory at 0x1fce5787b70 of 132 bytes failed: Only part of a ReadProcessMemory or WriteProcessMemory request was completed. (0x12B)
[0706/190433.811:ERROR:process_memory_win.cc(73)] ReadMemory at 0x1fce5787ca0 of 132 bytes failed: Only part of a ReadProcessMemory or WriteProcessMemory request was completed. (0x12B)
[0706/190433.811:ERROR:process_memory_win.cc(73)] ReadMemory at 0x1fce5787dd0 of 132 bytes failed: Only part of a ReadProcessMemory or WriteProcessMemory request was completed. (0x12B)
[0706/190433.811:ERROR:process_memory_win.cc(73)] ReadMemory at 0x1fce5787f00 of 132 bytes failed: Only part of a ReadProcessMemory or WriteProcessMemory request was completed. (0x12B)
[0706/190433.812:ERROR:process_memory_win.cc(73)] ReadMemory at 0x1fce57883c0 of 132 bytes failed: Only part of a ReadProcessMemory or WriteProcessMemory request was completed. (0x12B)
[0706/190433.812:ERROR:process_memory_win.cc(73)] ReadMemory at 0x1fce57884f0 of 132 bytes failed: Only part of a ReadProcessMemory or WriteProcessMemory request was completed. (0x12B)
[0706/190433.812:ERROR:process_memory_win.cc(73)] ReadMemory at 0x1fce5788620 of 132 bytes failed: Only part of a ReadProcessMemory or WriteProcessMemory request was completed. (0x12B)
[0706/190433.812:ERROR:process_memory_win.cc(73)] ReadMemory at 0x1fce5788750 of 132 bytes failed: Only part of a ReadProcessMemory or WriteProcessMemory request was completed. (0x12B)
[0706/190433.812:ERROR:process_memory_win.cc(73)] ReadMemory at 0x1fce5788880 of 132 bytes failed: Only part of a ReadProcessMemory or WriteProcessMemory request was completed. (0x12B)
[0706/190433.812:ERROR:process_memory_win.cc(73)] ReadMemory at 0x1fce57889b0 of 132 bytes failed: Only part of a ReadProcessMemory or WriteProcessMemory request was completed. (0x12B)
[0706/190433.812:ERROR:process_memory_win.cc(73)] ReadMemory at 0x1fce5788ae0 of 132 bytes failed: Only part of a ReadProcessMemory or WriteProcessMemory request was completed. (0x12B)
[0706/190433.812:ERROR:process_memory_win.cc(73)] ReadMemory at 0x1fce5788d40 of 132 bytes failed: Only part of a ReadProcessMemory or WriteProcessMemory request was completed. (0x12B)
[0706/190433.812:ERROR:process_memory_win.cc(73)] ReadMemory at 0x1fce57a6830 of 512 bytes failed: Only part of a ReadProcessMemory or WriteProcessMemory request was completed. (0x12B)
[0706/190433.812:ERROR:process_memory_win.cc(73)] ReadMemory at 0x1fce57a77a0 of 512 bytes failed: Only part of a ReadProcessMemory or WriteProcessMemory request was completed. (0x12B)
[0706/190433.812:ERROR:process_memory_win.cc(73)] ReadMemory at 0x1fce5951180 of 512 bytes failed: Only part of a ReadProcessMemory or WriteProcessMemory request was completed. (0x12B)
[0706/190433.812:ERROR:process_memory_win.cc(73)] ReadMemory at 0x1fce5952140 of 512 bytes failed: Only part of a ReadProcessMemory or WriteProcessMemory request was completed. (0x12B)
[0706/190433.812:ERROR:process_memory_win.cc(73)] ReadMemory at 0x1fce5a66eb0 of 512 bytes failed: Only part of a ReadProcessMemory or WriteProcessMemory request was completed. (0x12B)
[0706/190433.812:ERROR:process_memory_win.cc(73)] ReadMemory at 0x1fce5a7f6e0 of 512 bytes failed: Only part of a ReadProcessMemory or WriteProcessMemory request was completed. (0x12B)
[0706/190433.812:ERROR:process_memory_win.cc(73)] ReadMemory at 0x1fce5a8dcf0 of 712 bytes failed: Only part of a ReadProcessMemory or WriteProcessMemory request was completed. (0x12B)
[0706/190433.812:ERROR:process_memory_win.cc(73)] ReadMemory at 0x1fce5aae2e0 of 512 bytes failed: Only part of a ReadProcessMemory or WriteProcessMemory request was completed. (0x12B)
[0706/190433.812:ERROR:process_memory_win.cc(73)] ReadMemory at 0x1fce7718bc8 of 512 bytes failed: Only part of a ReadProcessMemory or WriteProcessMemory request was completed. (0x12B)
[0706/190433.812:ERROR:process_memory_win.cc(73)] ReadMemory at 0x1fce7946880 of 512 bytes failed: Only part of a ReadProcessMemory or WriteProcessMemory request was completed. (0x12B)
[0706/190433.813:ERROR:process_memory_win.cc(73)] ReadMemory at 0x1e0500000000 of 384 bytes failed: Only part of a ReadProcessMemory or WriteProcessMemory request was completed. (0x12B)
[0706/190433.813:ERROR:process_memory_win.cc(73)] ReadMemory at 0x1e050804024d of 512 bytes failed: Only part of a ReadProcessMemory or WriteProcessMemory request was completed. (0x12B)
[0706/190433.813:ERROR:process_memory_win.cc(73)] ReadMemory at 0x1e0508241685 of 512 bytes failed: Only part of a ReadProcessMemory or WriteProcessMemory request was completed. (0x12B)
[0706/190433.813:ERROR:process_memory_win.cc(73)] ReadMemory at 0x1e0508609f80 of 512 bytes failed: Only part of a ReadProcessMemory or WriteProcessMemory request was completed. (0x12B)
[0706/190433.813:ERROR:process_memory_win.cc(73)] ReadMemory at 0x1e0508614f80 of 512 bytes failed: Only part of a ReadProcessMemory or WriteProcessMemory request was completed. (0x12B)
[0706/190433.813:ERROR:process_memory_win.cc(73)] ReadMemory at 0x1e0508966e80 of 512 bytes failed: Only part of a ReadProcessMemory or WriteProcessMemory request was completed. (0x12B)
[0706/190433.813:ERROR:process_memory_win.cc(73)] ReadMemory at 0x1e05093b1f80 of 512 bytes failed: Only part of a ReadProcessMemory or WriteProcessMemory request was completed. (0x12B)
[0706/190433.813:ERROR:process_memory_win.cc(73)] ReadMemory at 0x1e0509dffb31 of 512 bytes failed: Only part of a ReadProcessMemory or WriteProcessMemory request was completed. (0x12B)
[0706/190433.813:ERROR:process_memory_win.cc(73)] ReadMemory at 0x58e4960abef0 of 568 bytes failed: Only part of a ReadProcessMemory or WriteProcessMemory request was completed. (0x12B)
[0706/190433.813:ERROR:process_memory_win.cc(73)] ReadMemory at 0x5c87b26a37c8 of 512 bytes failed: Only part of a ReadProcessMemory or WriteProcessMemory request was completed. (0x12B)
[0706/190433.813:ERROR:process_memory_win.cc(73)] ReadMemory at 0x7ffbf3582616 of 512 bytes failed: Only part of a ReadProcessMemory or WriteProcessMemory request was completed. (0x12B)
[0706/190433.813:ERROR:process_memory_win.cc(73)] ReadMemory at 0x7ffbf394399e of 512 bytes failed: Only part of a ReadProcessMemory or WriteProcessMemory request was completed. (0x12B)
[0706/190433.813:ERROR:process_memory_win.cc(73)] ReadMemory at 0x7ffbf4d8c0c0 of 512 bytes failed: Only part of a ReadProcessMemory or WriteProcessMemory request was completed. (0x12B)
[0706/190433.813:ERROR:process_memory_win.cc(73)] ReadMemory at 0x7ffbf4f59d50 of 512 bytes failed: Only part of a ReadProcessMemory or WriteProcessMemory request was completed. (0x12B)
[0706/190433.813:ERROR:process_memory_win.cc(73)] ReadMemory at 0x7ffbf5c98cfc of 512 bytes failed: Only part of a ReadProcessMemory or WriteProcessMemory request was completed. (0x12B)
[0706/190433.813:ERROR:process_memory_win.cc(73)] ReadMemory at 0x7ffbf86ab2d0 of 512 bytes failed: Only part of a ReadProcessMemory or WriteProcessMemory request was completed. (0x12B)
[0706/190433.813:ERROR:process_memory_win.cc(73)] ReadMemory at 0x7ffbf9fe6310 of 512 bytes failed: Only part of a ReadProcessMemory or WriteProcessMemory request was completed. (0x12B)
[0706/190433.813:ERROR:process_memory_win.cc(73)] ReadMemory at 0x7ffbfa1dbca8 of 512 bytes failed: Only part of a ReadProcessMemory or WriteProcessMemory request was completed. (0x12B)
[0706/190433.814:ERROR:process_memory_win.cc(73)] ReadMemory at 0x7ffbfae1a568 of 512 bytes failed: Only part of a ReadProcessMemory or WriteProcessMemory request was completed. (0x12B)
[0706/190433.814:ERROR:process_memory_win.cc(73)] ReadMemory at 0x7ffc651dc6e0 of 512 bytes failed: Only part of a ReadProcessMemory or WriteProcessMemory request was completed. (0x12B)
[0706/190433.814:ERROR:process_memory_win.cc(73)] ReadMemory at 0x7ffc6733c074 of 1504 bytes failed: Only part of a ReadProcessMemory or WriteProcessMemory request was completed. (0x12B)
[0706/190433.814:ERROR:process_memory_win.cc(73)] ReadMemory at 0x7ffc6733c674 of 512 bytes failed: Only part of a ReadProcessMemory or WriteProcessMemory request was completed. (0x12B)
[0706/190433.814:ERROR:process_memory_win.cc(73)] ReadMemory at 0x7ffc6733f924 of 608 bytes failed: Only part of a ReadProcessMemory or WriteProcessMemory request was completed. (0x12B)
[0706/190433.814:ERROR:process_memory_win.cc(73)] ReadMemory at 0x7ffc673cc428 of 18 bytes failed: Only part of a ReadProcessMemory or WriteProcessMemory request was completed. (0x12B)
[0706/190433.814:ERROR:process_memory_win.cc(73)] ReadMemory at 0x7ffc673ff4f8 of 40 bytes failed: Only part of a ReadProcessMemory or WriteProcessMemory request was completed. (0x12B)
[0706/190433.814:ERROR:process_memory_win.cc(73)] ReadMemory at 0x7ffc673ff978 of 48 bytes failed: Only part of a ReadProcessMemory or WriteProcessMemory request was completed. (0x12B)
[0706/190433.814:ERROR:process_memory_win.cc(73)] ReadMemory at 0x7ffc674053c0 of 64 bytes failed: Only part of a ReadProcessMemory or WriteProcessMemory request was completed. (0x12B)
[0706/190433.815:ERROR:scoped_process_suspend.cc(40)] NtResumeProcess: An attempt was made to access an exiting process. (0xc000010a)
[0712/085542.219:ERROR:process_reader_win.cc(151)] SuspendThread: Access is denied. (0x5)
[0712/085542.221:ERROR:exception_snapshot_win.cc(98)] thread ID 10880 not found in process
